<?xml version="1.0" encoding="UTF-8"?>
<!-- Generated by org.testng.reporters.JUnitReportReporter -->
<testsuite skipped="1" hostname="DESKTOP-PJJBKB6" name="New.DependancyTest" tests="5" failures="0" timestamp="24 Sep 2017 18:31:52 GMT" time="0.069" errors="0">
  <testcase name="process" time="0.009" classname="New.DependancyTest"/>
  <testcase name="stop" time="0.005" classname="New.DependancyTest"/>
  <testcase name="init" time="0.012" classname="New.DependancyTest"/>
  <testcase name="start" time="0.043" classname="New.DependancyTest"/>
  <testcase name="f" classname="New.DependancyTest">
    <skipped/>
  </testcase> <!-- f -->
</testsuite> <!-- New.DependancyTest -->
