<?xml version="1.0" encoding="UTF-8"?>
<!-- Generated by org.testng.reporters.JUnitReportReporter -->
<testsuite skipped="0" hostname="DESKTOP-PJJBKB6" name="New.SecondClass1stPackage3TCs" tests="1" failures="0" timestamp="24 Sep 2017 08:07:44 GMT" time="0.065" errors="0">
  <testcase name="ThirdTC" time="0.065" classname="New.SecondClass1stPackage3TCs"/>
</testsuite> <!-- New.SecondClass1stPackage3TCs -->
