<?xml version="1.0" encoding="UTF-8"?>
<!-- Generated by org.testng.reporters.JUnitReportReporter -->
<testsuite skipped="0" hostname="DESKTOP-PJJBKB6" name="New.FirstClass1stPackage2TCs" tests="1" failures="0" timestamp="24 Sep 2017 07:44:41 GMT" time="0.010" errors="0">
  <testcase name="abc" time="0.010" classname="New.FirstClass1stPackage2TCs"/>
</testsuite> <!-- New.FirstClass1stPackage2TCs -->
