<?xml version="1.0" encoding="UTF-8"?>
<!-- Generated by org.testng.reporters.JUnitReportReporter -->
<testsuite skipped="0" hostname="DESKTOP-PJJBKB6" name="New.NewTest" tests="2" failures="0" timestamp="24 Sep 2017 05:33:15 GMT" time="0.024" errors="0">
  <testcase name="test" time="0.020" classname="New.NewTest"/>
  <testcase name="f" time="0.004" classname="New.NewTest"/>
</testsuite> <!-- New.NewTest -->
