<?xml version="1.0" encoding="UTF-8"?>
<!-- Generated by org.testng.reporters.JUnitReportReporter -->
<testsuite skipped="0" hostname="DESKTOP-PJJBKB6" name="New.MultipleLogin" tests="2" failures="0" timestamp="24 Sep 2017 05:33:15 GMT" time="0.012" errors="0">
  <testcase name="f" time="0.007" classname="New.MultipleLogin"/>
  <testcase name="Test" time="0.005" classname="New.MultipleLogin"/>
</testsuite> <!-- New.MultipleLogin -->
